Flutter crash report; please file at https://github.com/flutter/flutter/issues.

## command

flutter run

## exception

String: Exit code 1 from: C:\Users\Hayden\app1\android\gradlew.bat -v:

ERROR: JAVA_HOME is not set and no 'java' command could be found in your PATH.

Please set the JAVA_HOME variable in your environment to match the
location of your Java installation.

```
#0      runCheckedAsync (package:flutter_tools/src/base/process.dart:249)
<asynchronous suspension>
#1      _initializeGradle (package:flutter_tools/src/android/gradle.dart:180)
<asynchronous suspension>
#2      _ensureGradle (package:flutter_tools/src/android/gradle.dart:162)
<asynchronous suspension>
#3      _readGradleProject (package:flutter_tools/src/android/gradle.dart:97)
<asynchronous suspension>
#4      _gradleProject (package:flutter_tools/src/android/gradle.dart:90)
<asynchronous suspension>
#5      getGradleAppOut (package:flutter_tools/src/android/gradle.dart:84)
<asynchronous suspension>
#6      AndroidApk.fromCurrentDirectory (package:flutter_tools/src/application_package.dart:86)
<asynchronous suspension>
#7      getApplicationPackageForPlatform (package:flutter_tools/src/application_package.dart:270)
<asynchronous suspension>
#8      FlutterDevice.runHot (package:flutter_tools/src/resident_runner.dart:269)
<asynchronous suspension>
#9      HotRunner.run (package:flutter_tools/src/run_hot.dart:216)
<asynchronous suspension>
#10     RunCommand.runCommand (package:flutter_tools/src/commands/run.dart:401)
<asynchronous suspension>
#11     FlutterCommand.verifyThenRunCommand (package:flutter_tools/src/runner/flutter_command.dart:333)
<asynchronous suspension>
#12     FlutterCommand.run.<anonymous closure> (package:flutter_tools/src/runner/flutter_command.dart:270)
<asynchronous suspension>
#13     AppContext.run.<anonymous closure> (package:flutter_tools/src/base/context.dart:142)
<asynchronous suspension>
#14     _rootRun (dart:async/zone.dart:1126)
#15     _CustomZone.run (dart:async/zone.dart:1023)
#16     runZoned (dart:async/zone.dart:1501)
#17     AppContext.run (package:flutter_tools/src/base/context.dart:141)
<asynchronous suspension>
#18     FlutterCommand.run (package:flutter_tools/src/runner/flutter_command.dart:261)
#19     CommandRunner.runCommand (package:args/command_runner.dart:194)
<asynchronous suspension>
#20     FlutterCommandRunner.runCommand.<anonymous closure> (package:flutter_tools/src/runner/flutter_command_runner.dart:298)
<asynchronous suspension>
#21     AppContext.run.<anonymous closure> (package:flutter_tools/src/base/context.dart:142)
<asynchronous suspension>
#22     _rootRun (dart:async/zone.dart:1126)
#23     _CustomZone.run (dart:async/zone.dart:1023)
#24     runZoned (dart:async/zone.dart:1501)
#25     AppContext.run (package:flutter_tools/src/base/context.dart:141)
<asynchronous suspension>
#26     FlutterCommandRunner.runCommand (package:flutter_tools/src/runner/flutter_command_runner.dart:254)
<asynchronous suspension>
#27     CommandRunner.run.<anonymous closure> (package:args/command_runner.dart:109)
#28     new Future.sync (dart:async/future.dart:222)
#29     CommandRunner.run (package:args/command_runner.dart:109)
#30     FlutterCommandRunner.run (package:flutter_tools/src/runner/flutter_command_runner.dart:168)
#31     run.<anonymous closure> (package:flutter_tools/runner.dart:54)
<asynchronous suspension>
#32     AppContext.run.<anonymous closure> (package:flutter_tools/src/base/context.dart:142)
<asynchronous suspension>
#33     _rootRun (dart:async/zone.dart:1126)
#34     _CustomZone.run (dart:async/zone.dart:1023)
#35     runZoned (dart:async/zone.dart:1501)
#36     AppContext.run (package:flutter_tools/src/base/context.dart:141)
<asynchronous suspension>
#37     runInContext (package:flutter_tools/src/context_runner.dart:41)
<asynchronous suspension>
#38     run (package:flutter_tools/runner.dart:49)
#39     main (package:flutter_tools/executable.dart:48)
<asynchronous suspension>
#40     main (file:///C:/Users/Hayden/flutter/packages/flutter_tools/bin/flutter_tools.dart:16)
#41     _startIsolate.<anonymous closure> (dart:isolate-patch/dart:isolate/isolate_patch.dart:277)
#42     _RawReceivePortImpl._handleMessage (dart:isolate-patch/dart:isolate/isolate_patch.dart:165)
```

## flutter doctor

```
[✓] Flutter (Channel beta, v0.2.8, on Microsoft Windows [Version 10.0.15063], locale en-CA)
    • Flutter version 0.2.8 at C:\Users\Hayden\flutter
    • Framework revision b397406561 (10 days ago), 2018-04-02 13:53:20 -0700
    • Engine revision c903c217a1
    • Dart version 2.0.0-dev.43.0.flutter-52afcba357

[!] Android toolchain - develop for Android devices (Android SDK 26.0.2)
    • Android SDK at C:\Users\Hayden\AppData\Local\Android\sdk
    • Android NDK location not configured (optional; useful for native profiling support)
    • Platform android-27, build-tools 26.0.2
    ✗ No Java Development Kit (JDK) found; You must have the environment variable JAVA_HOME set and the java binary in your PATH. You can download the JDK from https://www.oracle.com/technetwork/java/javase/downloads/.

[✓] Android Studio (version 2.3)
    • Android Studio at C:\Program Files\Android\Android Studio
    • Java version OpenJDK Runtime Environment (build 1.8.0_112-release-b06)

[✓] VS Code, 64-bit edition (version 1.21.0)
    • VS Code at C:\Program Files\Microsoft VS Code
    • Dart Code extension version 2.11.2

[✓] Connected devices (1 available)
    • Android SDK built for x86 • emulator-5554 • android-x86 • Android 6.0 (API 23) (emulator)

! Doctor found issues in 1 category.
```
