Flutter crash report; please file at https://github.com/flutter/flutter/issues.

## command

flutter run

## exception

String: Exit code 1 from: C:\Users\Hayden\app1\android\gradlew.bat -v:

ERROR: JAVA_HOME is not set and no 'java' command could be found in your PATH.

Please set the JAVA_HOME variable in your environment to match the
location of your Java installation.

```
#0      runCheckedAsync (package:flutter_tools/src/base/process.dart:242)
<asynchronous suspension>
#1      _initializeGradle (package:flutter_tools/src/android/gradle.dart:177)
<asynchronous suspension>
#2      _ensureGradle (package:flutter_tools/src/android/gradle.dart:159)
<asynchronous suspension>
#3      _readGradleProject (package:flutter_tools/src/android/gradle.dart:94)
<asynchronous suspension>
#4      _gradleProject (package:flutter_tools/src/android/gradle.dart:87)
<asynchronous suspension>
#5      getGradleAppOut (package:flutter_tools/src/android/gradle.dart:81)
<asynchronous suspension>
#6      AndroidApk.fromCurrentDirectory (package:flutter_tools/src/application_package.dart:86)
<asynchronous suspension>
#7      getApplicationPackageForPlatform (package:flutter_tools/src/application_package.dart:270)
<asynchronous suspension>
#8      FlutterDevice.runHot (package:flutter_tools/src/resident_runner.dart:262)
<asynchronous suspension>
#9      HotRunner.run (package:flutter_tools/src/run_hot.dart:216)
<asynchronous suspension>
#10     RunCommand.runCommand (package:flutter_tools/src/commands/run.dart:345)
<asynchronous suspension>
#11     FlutterCommand.verifyThenRunCommand (package:flutter_tools/src/runner/flutter_command.dart:290)
<asynchronous suspension>
#12     FlutterCommand.run (package:flutter_tools/src/runner/flutter_command.dart:228)
<asynchronous suspension>
#13     CommandRunner.runCommand (package:args/command_runner.dart:194)
<asynchronous suspension>
#14     FlutterCommandRunner.runCommand (package:flutter_tools/src/runner/flutter_command_runner.dart:286)
<asynchronous suspension>
#15     CommandRunner.run.<anonymous closure> (package:args/command_runner.dart:109)
#16     new Future.sync (dart:async/future.dart:222)
#17     CommandRunner.run (package:args/command_runner.dart:109)
#18     FlutterCommandRunner.run (package:flutter_tools/src/runner/flutter_command_runner.dart:166)
#19     run.<anonymous closure> (package:flutter_tools/runner.dart:90)
<asynchronous suspension>
#20     AppContext._run (package:flutter_tools/src/base/context.dart:76)
<asynchronous suspension>
#21     AppContext.runInZone.<anonymous closure> (package:flutter_tools/src/base/context.dart:66)
#22     _rootRun (dart:async/zone.dart:1126)
#23     _CustomZone.run (dart:async/zone.dart:1023)
#24     runZoned (dart:async/zone.dart:1501)
#25     AppContext.runInZone (package:flutter_tools/src/base/context.dart:65)
#26     run (package:flutter_tools/runner.dart:61)
<asynchronous suspension>
#27     main (package:flutter_tools/executable.dart:48)
<asynchronous suspension>
#28     main (file:///C:/Users/Hayden/flutter/packages/flutter_tools/bin/flutter_tools.dart:16)
#29     _startIsolate.<anonymous closure> (dart:isolate-patch/dart:isolate/isolate_patch.dart:277)
#30     _RawReceivePortImpl._handleMessage (dart:isolate-patch/dart:isolate/isolate_patch.dart:165)
```

## flutter doctor

```
[✓] Flutter (Channel beta, v0.1.5, on Microsoft Windows [Version 10.0.15063], locale en-CA)
    • Flutter version 0.1.5 at C:\Users\Hayden\flutter
    • Framework revision 3ea4d06340 (3 weeks ago), 2018-02-22 11:12:39 -0800
    • Engine revision ead227f118
    • Dart version 2.0.0-dev.28.0.flutter-0b4f01f759

[!] Android toolchain - develop for Android devices (Android SDK 26.0.2)
    • Android SDK at C:\Users\Hayden\AppData\Local\Android\sdk
    • Android NDK location not configured (optional; useful for native profiling support)
    • Platform android-27, build-tools 26.0.2
    ✗ No Java Development Kit (JDK) found; You must have the environment variable JAVA_HOME set and the java binary in your PATH. You can download the JDK from https://www.oracle.com/technetwork/java/javase/downloads/.

[✓] Android Studio (version 2.3)
    • Android Studio at C:\Program Files\Android\Android Studio
    • Java version OpenJDK Runtime Environment (build 1.8.0_112-release-b06)

[✓] VS Code (version 1.21.0)
    • VS Code at C:\Program Files\Microsoft VS Code
    • Dart Code extension version 2.10.0

[✓] Connected devices (1 available)
    • Android SDK built for x86 • emulator-5554 • android-x86 • Android 6.0 (API 23) (emulator)

! Doctor found issues in 1 category.
```
