#
# There is insufficient memory for the Java Runtime Environment to continue.
# Native memory allocation (malloc) failed to allocate 1048576 bytes for AllocateHeap
# Possible reasons:
#   The system is out of physical RAM or swap space
#   In 32 bit mode, the process size limit was hit
# Possible solutions:
#   Reduce memory load on the system
#   Increase physical memory or swap space
#   Check if swap backing store is full
#   Use 64 bit Java on a 64 bit OS
#   Decrease Java heap size (-Xmx/-Xms)
#   Decrease number of Java threads
#   Decrease Java thread stack sizes (-Xss)
#   Set larger code cache with -XX:ReservedCodeCacheSize=
# This output file may be truncated or incomplete.
#
#  Out of Memory Error (memory/allocation.inline.hpp:61), pid=6616, tid=0x00000000000012f0
#
# JRE version:  (8.0_112-b06) (build )
# Java VM: OpenJDK 64-Bit Server VM (25.112-b06 mixed mode windows-amd64 compressed oops)
# Failed to write core dump. Minidumps are not enabled by default on client versions of Windows
#

---------------  T H R E A D  ---------------

Current thread (0x0000000002cb2000):  JavaThread "Unknown thread" [_thread_in_vm, id=4848, stack(0x0000000002bb0000,0x0000000002cb0000)]

Stack: [0x0000000002bb0000,0x0000000002cb0000]
[error occurred during error reporting (printing stack bounds), id 0xc0000005]

Native frames: (J=compiled Java code, j=interpreted, Vv=VM code, C=native code)


---------------  P R O C E S S  ---------------

Java Threads: ( => current thread )

Other Threads:

=>0x0000000002cb2000 (exited) JavaThread "Unknown thread" [_thread_in_vm, id=4848, stack(0x0000000002bb0000,0x0000000002cb0000)]

VM state:not at safepoint (normal execution)

VM Mutex/Monitor currently owned by a thread: None

Heap:
 PSYoungGen      total 38400K, used 665K [0x00000000d5f00000, 0x00000000d8980000, 0x0000000100000000)
  eden space 33280K, 2% used [0x00000000d5f00000,0x00000000d5fa6670,0x00000000d7f80000)
  from space 5120K, 0% used [0x00000000d8480000,0x00000000d8480000,0x00000000d8980000)
  to   space 5120K, 0% used [0x00000000d7f80000,0x00000000d7f80000,0x00000000d8480000)
 ParOldGen       total 87552K, used 0K [0x0000000081c00000, 0x0000000087180000, 0x00000000d5f00000)
  object space 87552K, 0% used [0x0000000081c00000,0x0000000081c00000,0x0000000087180000)
 Metaspace       used 772K, capacity 4480K, committed 4480K, reserved 1056768K
  class space    used 73K, capacity 384K, committed 384K, reserved 1048576K

Card table byte_map: [0x0000000012170000,0x0000000012570000] byte_map_base: 0x0000000011d62000

Marking Bits: (ParMarkBitMap*) 0x00000000610518f0
 Begin Bits: [0x0000000012c20000, 0x0000000014bb0000)
 End Bits:   [0x0000000014bb0000, 0x0000000016b40000)

Polling page: 0x0000000000e10000

CodeCache: size=245760Kb used=328Kb max_used=328Kb free=245431Kb
 bounds [0x0000000002db0000, 0x0000000003020000, 0x0000000011db0000]
 total_blobs=57 nmethods=0 adapters=38
 compilation: enabled

Compilation events (0 events):
No events

GC Heap History (0 events):
No events

Deoptimization events (0 events):
No events

Internal exceptions (0 events):
No events

Events (10 events):
Event: 0.020 loading class java/lang/Short
Event: 0.020 loading class java/lang/Short done
Event: 0.020 loading class java/lang/Integer
Event: 0.020 loading class java/lang/Integer done
Event: 0.020 loading class java/lang/Long
Event: 0.020 loading class java/lang/Long done
Event: 0.021 loading class java/lang/NullPointerException
Event: 0.021 loading class java/lang/NullPointerException done
Event: 0.021 loading class java/lang/ArithmeticException
Event: 0.021 loading class java/lang/ArithmeticException done


Dynamic libraries:
0x00007ff715d30000 - 0x00007ff715d61000 	C:\Program Files\Android\Android Studio\jre\bin\java.EXE
0x00007ffd6bc60000 - 0x00007ffd6be3b000 	C:\Windows\SYSTEM32\ntdll.dll
0x00007ffd6b8b0000 - 0x00007ffd6b95e000 	C:\Windows\System32\KERNEL32.DLL
0x00007ffd683a0000 - 0x00007ffd685e9000 	C:\Windows\System32\KERNELBASE.dll
0x00007ffd6a1b0000 - 0x00007ffd6a251000 	C:\Windows\System32\ADVAPI32.dll
0x00007ffd69990000 - 0x00007ffd69a2d000 	C:\Windows\System32\msvcrt.dll
0x00007ffd69bc0000 - 0x00007ffd69c19000 	C:\Windows\System32\sechost.dll
0x00007ffd69a90000 - 0x00007ffd69bb5000 	C:\Windows\System32\RPCRT4.dll
0x00007ffd69630000 - 0x00007ffd6977a000 	C:\Windows\System32\USER32.dll
0x00007ffd68690000 - 0x00007ffd686ae000 	C:\Windows\System32\win32u.dll
0x00007ffd69270000 - 0x00007ffd69297000 	C:\Windows\System32\GDI32.dll
0x00007ffd69030000 - 0x00007ffd691b7000 	C:\Windows\System32\gdi32full.dll
0x00007ffd685f0000 - 0x00007ffd6868a000 	C:\Windows\System32\msvcp_win.dll
0x00007ffd682a0000 - 0x00007ffd68396000 	C:\Windows\System32\ucrtbase.dll
0x00007ffd60090000 - 0x00007ffd602f7000 	C:\Windows\WinSxS\amd64_microsoft.windows.common-controls_6595b64144ccf1df_6.0.15063.483_none_26002d27e7c744a2\COMCTL32.dll
0x00007ffd6b960000 - 0x00007ffd6bc59000 	C:\Windows\System32\combase.dll
0x00007ffd68180000 - 0x00007ffd681ea000 	C:\Windows\System32\bcryptPrimitives.dll
0x00007ffd69c30000 - 0x00007ffd69c5d000 	C:\Windows\System32\IMM32.DLL
0x00000000610d0000 - 0x00000000611a2000 	C:\Program Files\Android\Android Studio\jre\jre\bin\msvcr100.dll
0x0000000060890000 - 0x00000000610cc000 	C:\Program Files\Android\Android Studio\jre\jre\bin\server\jvm.dll
0x00007ffd69c20000 - 0x00007ffd69c28000 	C:\Windows\System32\PSAPI.DLL
0x00007ffd559c0000 - 0x00007ffd559c9000 	C:\Windows\SYSTEM32\WSOCK32.dll
0x00007ffd63020000 - 0x00007ffd6302a000 	C:\Windows\SYSTEM32\VERSION.dll
0x00007ffd603a0000 - 0x00007ffd603c3000 	C:\Windows\SYSTEM32\WINMM.dll
0x00007ffd69780000 - 0x00007ffd697ec000 	C:\Windows\System32\WS2_32.dll
0x00007ffd60370000 - 0x00007ffd6039b000 	C:\Windows\SYSTEM32\WINMMBASE.dll
0x00007ffd686b0000 - 0x00007ffd686f9000 	C:\Windows\System32\cfgmgr32.dll
0x00007ffd654a0000 - 0x00007ffd654af000 	C:\Program Files\Android\Android Studio\jre\jre\bin\verify.dll
0x00007ffd60f50000 - 0x00007ffd60f79000 	C:\Program Files\Android\Android Studio\jre\jre\bin\java.dll
0x00007ffd63000000 - 0x00007ffd63016000 	C:\Program Files\Android\Android Studio\jre\jre\bin\zip.dll

VM Arguments:
java_command: <unknown>
java_class_path (initial): .
Launcher Type: SUN_STANDARD

Environment Variables:
PATH=C:\Program Files (x86)\Intel\iCLS Client\;C:\Program Files\Intel\iCLS Client\;C:\Windows\system32;C:\Windows;C:\Windows\System32\Wbem;C:\Windows\System32\WindowsPowerShell\v1.0\;C:\Program Files (x86)\Intel\Intel(R) Management Engine Components\DAL;C:\Program Files\Intel\Intel(R) Management Engine Components\DAL;C:\Program Files (x86)\Intel\Intel(R) Management Engine Components\IPT;C:\Program Files\Intel\Intel(R) Management Engine Components\IPT;C:\Program Files\dotnet\;C:\Program Files\Microsoft SQL Server\130\Tools\Binn\;C:\Program Files\Git\cmd;C:\Program Files (x86)\Intel\iCLS Client\;C:\Program Files\Intel\iCLS Client\;C:\Windows\system32;C:\Windows;C:\Windows\System32\Wbem;C:\Windows\System32\WindowsPowerShell\v1.0\;C:\Program Files (x86)\Intel\Intel(R) Management Engine Components\DAL;C:\Program Files\Intel\Intel(R) Management Engine Components\DAL;C:\Program Files (x86)\Intel\Intel(R) Management Engine Components\IPT;C:\Program Files\Intel\Intel(R) Management Engine Components\IPT;C:\Program Files\dotnet\;C:\Program Files\Microsoft SQL Server\130\Tools\Binn\;C:\Program Files\Git\cmd;C:\Windows\System32;C:\Users\Hayden\AppData\Local\Microsoft\WindowsApps;C:\Program Files\Microsoft VS Code\bin;flutter\bin;;C:\Users\Hayden\flutter\bin
USERNAME=Hayden
OS=Windows_NT
PROCESSOR_IDENTIFIER=Intel64 Family 6 Model 142 Stepping 9, GenuineIntel



---------------  S Y S T E M  ---------------

OS: Windows 10.0 , 64 bit Build 15063 (10.0.15063.296)

CPU:total 4 (2 cores per cpu, 2 threads per core) family 6 model 142 stepping 9, cmov, cx8, fxsr, mmx, sse, sse2, sse3, ssse3, sse4.1, sse4.2, popcnt, avx, avx2, aes, clmul, erms, 3dnowpref, lzcnt, ht, tsc, tscinvbit, bmi1, bmi2, adx

Memory: 4k page, physical 8273860k(743596k free), swap 11343268k(5568k free)

vm_info: OpenJDK 64-Bit Server VM (25.112-b06) for windows-amd64 JRE (1.8.0_112-release-b06), built on Dec  8 2016 00:54:26 by "builder" with MS VC++ 10.0 (VS2010)

time: Thu Apr 12 10:32:39 2018
elapsed time: 0 seconds (0d 0h 0m 0s)

